<?xml version="1.0" encoding="UTF-8"?>
<!-- Generated by org.testng.reporters.JUnitReportReporter -->
<testsuite hostname="Jai-Modhas-MacBook-Pro-2.local" name="ttt.model.dao.UserDaoTest" tests="2" failures="0" timestamp="24 May 2014 03:34:40 GMT" time="0.109" errors="0">
  <testcase name="getUser" time="0.099" classname="ttt.model.dao.UserDaoTest"/>
  <testcase name="getUsers" time="0.010" classname="ttt.model.dao.UserDaoTest"/>
</testsuite> <!-- ttt.model.dao.UserDaoTest -->
