<?xml version="1.0" encoding="UTF-8"?>
<!-- Generated by org.testng.reporters.JUnitReportReporter -->
<testsuite hostname="Jai-Modhas-MacBook-Pro-2.local" name="ttt.model.dao.GameDaoTest" tests="2" failures="0" timestamp="24 May 2014 03:34:20 GMT" time="0.245" errors="0">
  <testcase name="getSavedGames" time="0.067" classname="ttt.model.dao.GameDaoTest"/>
  <testcase name="getCompletedGames" time="0.178" classname="ttt.model.dao.GameDaoTest"/>
</testsuite> <!-- ttt.model.dao.GameDaoTest -->
