<?xml version="1.0" encoding="UTF-8"?>
<!-- Generated by org.testng.reporters.JUnitReportReporter -->
<testsuite hostname="Jai-Modhas-MacBook-Pro-2.local" name="ttt.model.dao.UserDaoTest" tests="2" failures="0" timestamp="10 Jun 2014 06:28:29 GMT" time="0.013" errors="0">
  <testcase name="getUsers" time="0.007" classname="ttt.model.dao.UserDaoTest"/>
  <testcase name="getUser" time="0.006" classname="ttt.model.dao.UserDaoTest"/>
</testsuite> <!-- ttt.model.dao.UserDaoTest -->
