<?xml version="1.0" encoding="UTF-8"?>
<!-- Generated by org.testng.reporters.JUnitReportReporter -->
<testsuite hostname="Jai-Modhas-MacBook-Pro-2.local" name="ttt.model.dao.GameDaoTest" tests="2" failures="0" timestamp="10 Jun 2014 06:28:29 GMT" time="0.105" errors="0">
  <testcase name="getCompletedGames" time="0.007" classname="ttt.model.dao.GameDaoTest"/>
  <testcase name="getSavedGames" time="0.098" classname="ttt.model.dao.GameDaoTest"/>
</testsuite> <!-- ttt.model.dao.GameDaoTest -->
